2023-02-21 01:04:19,521 : INFO : Employee :  Employee created Sujeet Kumar 
2023-02-21 01:04:19,521 : INFO : Employee :  Employee created Ramesh tim 
2023-02-21 01:04:19,521 : INFO : Employee :  Employee created John Doe 
2023-02-21 01:05:03,867 : INFO : Employee :  Employee created Sujeet Kumar 
2023-02-21 01:05:03,867 : INFO : Employee :  Employee created Ramesh tim 
2023-02-21 01:05:03,867 : INFO : Employee :  Employee created John Doe 
2023-02-21 01:05:37,810 : INFO : Employee :  Employee created Sujeet Kumar 
2023-02-21 01:05:37,810 : INFO : Employee :  Employee created Ramesh tim 
2023-02-21 01:05:37,810 : INFO : Employee :  Employee created John Doe 
2023-02-21 01:06:02,865 : INFO : Employee :  Employee created Sujeet Kumar 
2023-02-21 01:06:02,865 : INFO : Employee :  Employee created Ramesh tim 
2023-02-21 01:06:02,865 : INFO : Employee :  Employee created John Doe 
2023-02-21 01:07:02,579 : INFO : __main__ :  Employee created Sujeet Kumar 
2023-02-21 01:07:02,580 : INFO : __main__ :  Employee created Ramesh tim 
2023-02-21 01:07:02,580 : INFO : __main__ :  Employee created John Doe 
2023-02-21 01:09:54,427 : INFO : Employee :  Employee created Sujeet Kumar 
2023-02-21 01:09:54,427 : INFO : Employee :  Employee created Ramesh tim 
2023-02-21 01:09:54,427 : INFO : Employee :  Employee created John Doe 
2023-02-21 01:12:15,846 : INFO : Employee :  Employee created Sujeet Kumar 
2023-02-21 01:12:15,846 : INFO : Employee :  Employee created Ramesh tim 
2023-02-21 01:12:15,846 : INFO : Employee :  Employee created John Doe 
2023-02-21 01:12:52,129 : INFO : Employee :  Employee created Sujeet Kumar 
2023-02-21 01:12:52,129 : INFO : Employee :  Employee created Ramesh tim 
2023-02-21 01:12:52,129 : INFO : Employee :  Employee created John Doe 
2023-02-21 01:13:42,311 : INFO : Employee :  Employee created Sujeet Kumar 
2023-02-21 01:13:42,311 : INFO : Employee :  Employee created Ramesh tim 
2023-02-21 01:13:42,311 : INFO : Employee :  Employee created John Doe 
2023-02-21 01:13:52,891 : INFO : Employee :  Employee created Sujeet Kumar 
2023-02-21 01:13:52,891 : INFO : Employee :  Employee created Ramesh tim 
2023-02-21 01:13:52,891 : INFO : Employee :  Employee created John Doe 
